2025-07-21 00:10:31,598 - ERROR - $ABSLAMC.NS: possibly delisted; no price data found  (period=2y)
2025-07-21 00:10:31,600 - ERROR - $HSCL.NS: possibly delisted; no price data found  (period=2y)
2025-07-21 00:10:31,601 - ERROR - $WELCORP.NS: possibly delisted; no price data found  (period=2y)
2025-07-21 00:10:31,601 - ERROR - $SHYAMMETL.NS: possibly delisted; no price data found  (period=2y)
2025-07-21 00:10:31,602 - ERROR - $FSL.NS: possibly delisted; no price data found  (period=2y)
2025-07-21 00:10:31,607 - ERROR - $EIHOTEL.NS: possibly delisted; no price data found  (period=2y)
2025-07-21 00:10:31,607 - ERROR - $REDINGTON.NS: possibly delisted; no price data found  (period=2y)
2025-07-21 00:10:31,608 - ERROR - $KEC.NS: possibly delisted; no price data found  (period=2y)
2025-07-21 00:10:31,609 - ERROR - $CESC.NS: possibly delisted; no price data found  (period=2y)
2025-07-21 00:10:31,611 - ERROR - $FIVESTAR.NS: possibly delisted; no price data found  (period=2y)
2025-07-21 00:10:31,611 - ERROR - $SUNTV.NS: possibly delisted; no price data found  (period=2y)
2025-07-21 00:10:31,612 - ERROR - $TATACHEM.NS: possibly delisted; no price data found  (period=2y)
2025-07-21 00:10:31,612 - ERROR - $PGEL.NS: possibly delisted; no price data found  (period=2y)
2025-07-21 00:10:31,613 - ERROR - $IIFL.NS: possibly delisted; no price data found  (period=2y)
2025-07-21 00:10:31,613 - ERROR - $MANAPPURAM.NS: possibly delisted; no price data found  (period=2y)
2025-07-21 00:10:31,615 - ERROR - $CROMPTON.NS: possibly delisted; no price data found  (period=2y)
2025-07-21 00:10:31,616 - ERROR - $CASTROLIND.NS: possibly delisted; no price data found  (period=2y)
2025-07-21 00:10:31,617 - ERROR - $KARURVYSYA.NS: possibly delisted; no price data found  (period=2y)
2025-07-21 00:10:31,617 - ERROR - $CHAMBLFERT.NS: possibly delisted; no price data found  (period=2y)
2025-07-21 00:10:31,618 - ERROR - $AADHARHFC.NS: possibly delisted; no price data found  (period=2y)
2025-07-21 00:10:31,619 - ERROR - $DEVYANI.NS: possibly delisted; no price data found  (period=2y)
2025-07-21 00:10:31,620 - ERROR - $SCHNEIDER.NS: possibly delisted; no price data found  (period=2y)
2025-07-21 00:10:31,621 - ERROR - $HATSUN.NS: possibly delisted; no price data found  (period=2y)
2025-07-21 00:10:31,621 - ERROR - $TRITURBINE.NS: possibly delisted; no price data found  (period=2y)
2025-07-21 00:10:31,621 - ERROR - $ASAHIINDIA.NS: possibly delisted; no price data found  (period=2y)
